  MouseInput.cpp
d:\projects\risktypegame\risktypegame\risktypegame\mouseinput.cpp(22): warning C4244: 'initializing': conversion from 'T' to 'float', possible loss of data
          with
          [
              T=int
          ]
d:\projects\risktypegame\risktypegame\risktypegame\mouseinput.cpp(22): warning C4244: 'initializing': conversion from 'T' to 'const float', possible loss of data
          with
          [
              T=int
          ]
d:\projects\risktypegame\risktypegame\risktypegame\mouseinput.cpp(23): warning C4244: 'initializing': conversion from 'T' to 'float', possible loss of data
          with
          [
              T=int
          ]
d:\projects\risktypegame\risktypegame\risktypegame\mouseinput.cpp(23): warning C4244: 'initializing': conversion from 'T' to 'const float', possible loss of data
          with
          [
              T=int
          ]
  Generating code
  5 of 106 functions ( 4.7%) were compiled, the rest were copied from previous compilation.
    0 functions were new in current compilation
    0 functions had inline decision re-evaluated but remain unchanged
  Finished generating code
  RiskTypeGame.vcxproj -> D:\Projects\RiskTypeGame\RiskTypeGame\x64\Release\RiskTypeGame.exe
